0.000 [ Info   ][Logger] No ORO_LOGLEVEL environment variable set.
0.000 [ Info   ][Logger]  OROCOS version '2.8.3' compiled with GCC 5.4.0. Running in GNU/Linux.
0.000 [ Info   ][Logger] Orocos Logging Activated at level : [ Warning] ( 4 ) 
0.000 [ Info   ][Logger] Reference System Time is : 1479467409408357654 ticks ( 1.47947e+09 seconds ).
0.000 [ Info   ][Logger] Logging is relative to this time.
0.009 [ Info   ][TypekitRepository::Import] Loading Typekit trajectory_follower.
0.009 [ Info   ][Logger] Loaded RTT TypeKit/Transport 'trajectory_follower' from 'trajectory_follower-typekit'
0.013 [ Info   ][TypekitRepository::Import] Loading Transport CORBA:///orogen/trajectory_follower.
0.013 [ Info   ][TypekitRepository::Import] Registered new 'CORBA' transport for /trajectory_follower/FollowerConfig
0.013 [ Info   ][TypekitRepository::Import] Registered new 'CORBA' transport for /trajectory_follower/FollowerData
0.013 [ Info   ][TypekitRepository::Import] Registered new 'CORBA' transport for /trajectory_follower/SubTrajectory
0.013 [ Info   ][Logger] Loaded RTT TypeKit/Transport '/orogen/trajectory_follower/CORBA' from 'trajectory_follower-transport-corba'
0.029 [ Info   ][TypekitRepository::Import] Loading Transport MQueue:///orogen/trajectory_follower.
0.029 [ Info   ][TypekitRepository::Import] Registered new 'MQueue' transport for /trajectory_follower/FollowerConfig
0.029 [ Info   ][TypekitRepository::Import] Registered new 'MQueue' transport for /trajectory_follower/FollowerData
0.029 [ Info   ][TypekitRepository::Import] Registered new 'MQueue' transport for /trajectory_follower/SubTrajectory
0.029 [ Info   ][Logger] Loaded RTT TypeKit/Transport '/orogen/trajectory_follower/MQueue' from 'trajectory_follower-transport-mqueue'
0.029 [ Info   ][TypekitRepository::Import] Loading Transport Typelib:///orogen/trajectory_follower.
0.035 [ Info   ][TypekitRepository::Import] Registered new 'Typelib' transport for /trajectory_follower/FollowerConfig
0.035 [ Info   ][TypekitRepository::Import] Registered new 'Typelib' transport for /trajectory_follower/FollowerData
0.035 [ Info   ][TypekitRepository::Import] Registered new 'Typelib' transport for /trajectory_follower/SubTrajectory
0.035 [ Info   ][Logger] Loaded RTT TypeKit/Transport '/orogen/trajectory_follower/TYPELIB' from 'trajectory_follower-transport-typelib'
0.037 [ Info   ][TypekitRepository::Import] Loading Typekit base.
0.041 [ Info   ][Logger] Loaded RTT TypeKit/Transport 'base' from 'base-typekit'
0.041 [ Info   ][TypekitRepository::Import] Loading Transport CORBA:///orogen/base.
0.041 [ Info   ][TypekitRepository::Import] Registered new 'CORBA' transport for /RTT/extras/ReadOnlyPointer</base/samples/frame/Frame>
0.041 [ Info   ][TypekitRepository::Import] Registered new 'CORBA' transport for /RTT/extras/ReadOnlyPointer</base/samples/frame/FramePair>
0.041 [ Info   ][TypekitRepository::Import] Registered new 'CORBA' transport for /base/Affine3d
0.041 [ Info   ][TypekitRepository::Import] Registered new 'CORBA' transport for /base/Angle
0.041 [ Info   ][TypekitRepository::Import] Registered new 'CORBA' transport for /base/AngleAxisd
0.042 [ Info   ][TypekitRepository::Import] Registered new 'CORBA' transport for /base/JointLimits
0.042 [ Info   ][TypekitRepository::Import] Registered new 'CORBA' transport for /base/JointState
0.042 [ Info   ][TypekitRepository::Import] Registered new 'CORBA' transport for /base/JointTransform
0.042 [ Info   ][TypekitRepository::Import] Registered new 'CORBA' transport for /base/JointTransformVector
0.042 [ Info   ][TypekitRepository::Import] Registered new 'CORBA' transport for /base/JointsTrajectory
0.042 [ Info   ][TypekitRepository::Import] Registered new 'CORBA' transport for /base/Matrix3d
0.042 [ Info   ][TypekitRepository::Import] Registered new 'CORBA' transport for /base/Matrix4d
0.042 [ Info   ][TypekitRepository::Import] Registered new 'CORBA' transport for /base/Matrix6d
0.042 [ Info   ][TypekitRepository::Import] Registered new 'CORBA' transport for /base/MatrixXd
0.042 [ Info   ][TypekitRepository::Import] Registered new 'CORBA' transport for /base/Pose
0.042 [ Info   ][TypekitRepository::Import] Registered new 'CORBA' transport for /base/Pressure
0.042 [ Info   ][TypekitRepository::Import] Registered new 'CORBA' transport for /base/Quaterniond
0.042 [ Info   ][TypekitRepository::Import] Registered new 'CORBA' transport for /base/Temperature
0.042 [ Info   ][TypekitRepository::Import] Registered new 'CORBA' transport for /base/Time
0.042 [ Info   ][TypekitRepository::Import] Registered new 'CORBA' transport for /base/Trajectory
0.042 [ Info   ][TypekitRepository::Import] Registered new 'CORBA' transport for /base/TransformWithCovariance
0.042 [ Info   ][TypekitRepository::Import] Registered new 'CORBA' transport for /base/TwistWithCovariance
0.042 [ Info   ][TypekitRepository::Import] Registered new 'CORBA' transport for /base/Vector2d
0.042 [ Info   ][TypekitRepository::Import] Registered new 'CORBA' transport for /base/Vector3d
0.042 [ Info   ][TypekitRepository::Import] Registered new 'CORBA' transport for /base/Vector4d
0.042 [ Info   ][TypekitRepository::Import] Registered new 'CORBA' transport for /base/Vector6d
0.042 [ Info   ][TypekitRepository::Import] Registered new 'CORBA' transport for /base/VectorXd
0.042 [ Info   ][TypekitRepository::Import] Registered new 'CORBA' transport for /base/Waypoint
0.042 [ Info   ][TypekitRepository::Import] Registered new 'CORBA' transport for /base/Wrench
0.042 [ Info   ][TypekitRepository::Import] Registered new 'CORBA' transport for /base/commands/LinearAngular6DCommand
0.042 [ Info   ][TypekitRepository::Import] Registered new 'CORBA' transport for /base/commands/Motion2D
0.042 [ Info   ][TypekitRepository::Import] Registered new 'CORBA' transport for /base/commands/Speed6D
0.042 [ Info   ][TypekitRepository::Import] Registered new 'CORBA' transport for /base/geometry/Spline<1>
0.042 [ Info   ][TypekitRepository::Import] Registered new 'CORBA' transport for /base/geometry/Spline<3>
0.042 [ Info   ][TypekitRepository::Import] Registered new 'CORBA' transport for /base/samples/BodyState
0.042 [ Info   ][TypekitRepository::Import] Registered new 'CORBA' transport for /base/samples/DepthMap
0.042 [ Info   ][TypekitRepository::Import] Registered new 'CORBA' transport for /base/samples/DistanceImage
0.042 [ Info   ][TypekitRepository::Import] Registered new 'CORBA' transport for /base/samples/IMUSensors
0.042 [ Info   ][TypekitRepository::Import] Registered new 'CORBA' transport for /base/samples/Joints
0.042 [ Info   ][TypekitRepository::Import] Registered new 'CORBA' transport for /base/samples/LaserScan
0.042 [ Info   ][TypekitRepository::Import] Registered new 'CORBA' transport for /base/samples/Motion2D
0.042 [ Info   ][TypekitRepository::Import] Registered new 'CORBA' transport for /base/samples/Pointcloud
0.042 [ Info   ][TypekitRepository::Import] Registered new 'CORBA' transport for /base/samples/Pressure
0.042 [ Info   ][TypekitRepository::Import] Registered new 'CORBA' transport for /base/samples/RigidBodyAcceleration
0.042 [ Info   ][TypekitRepository::Import] Registered new 'CORBA' transport for /base/samples/RigidBodyState
0.042 [ Info   ][TypekitRepository::Import] Registered new 'CORBA' transport for /base/samples/Sonar
0.042 [ Info   ][TypekitRepository::Import] Registered new 'CORBA' transport for /base/samples/SonarBeam
0.042 [ Info   ][TypekitRepository::Import] Registered new 'CORBA' transport for /base/samples/SonarScan
0.042 [ Info   ][TypekitRepository::Import] Registered new 'CORBA' transport for /base/samples/Wrench
0.042 [ Info   ][TypekitRepository::Import] Registered new 'CORBA' transport for /base/samples/Wrenches
0.042 [ Info   ][TypekitRepository::Import] Registered new 'CORBA' transport for /base/samples/frame/Frame
0.042 [ Info   ][TypekitRepository::Import] Registered new 'CORBA' transport for /base/samples/frame/FramePair
0.042 [ Info   ][TypekitRepository::Import] Registered new 'CORBA' transport for /base/samples/frame/frame_mode_t
0.042 [ Info   ][TypekitRepository::Import] Registered new 'CORBA' transport for /std/string
0.042 [ Info   ][TypekitRepository::Import] Registered new 'CORBA' transport for /std/vector</base/Trajectory>
0.042 [ Info   ][TypekitRepository::Import] Registered new 'CORBA' transport for /std/vector</base/Vector3d>
0.042 [ Info   ][TypekitRepository::Import] Registered new 'CORBA' transport for /std/vector</base/Waypoint>
0.042 [ Info   ][TypekitRepository::Import] Registered new 'CORBA' transport for /std/vector</std/string>
0.042 [ Info   ][TypekitRepository::Import] Registered new 'CORBA' transport for /std/vector</uint32_t>
0.042 [ Info   ][Logger] Loaded RTT TypeKit/Transport '/orogen/base/CORBA' from 'base-transport-corba'
0.081 [ Info   ][TypekitRepository::Import] Loading Transport MQueue:///orogen/base.
0.081 [ Info   ][TypekitRepository::Import] Registered new 'MQueue' transport for /RTT/extras/ReadOnlyPointer</base/samples/frame/Frame>
0.081 [ Info   ][TypekitRepository::Import] Registered new 'MQueue' transport for /RTT/extras/ReadOnlyPointer</base/samples/frame/FramePair>
0.081 [ Info   ][TypekitRepository::Import] Registered new 'MQueue' transport for /base/Affine3d
0.081 [ Info   ][TypekitRepository::Import] Registered new 'MQueue' transport for /base/Angle
0.081 [ Info   ][TypekitRepository::Import] Registered new 'MQueue' transport for /base/AngleAxisd
0.082 [ Info   ][TypekitRepository::Import] Registered new 'MQueue' transport for /base/JointLimits
0.082 [ Info   ][TypekitRepository::Import] Registered new 'MQueue' transport for /base/JointState
0.082 [ Info   ][TypekitRepository::Import] Registered new 'MQueue' transport for /base/JointTransform
0.082 [ Info   ][TypekitRepository::Import] Registered new 'MQueue' transport for /base/JointTransformVector
0.082 [ Info   ][TypekitRepository::Import] Registered new 'MQueue' transport for /base/JointsTrajectory
0.082 [ Info   ][TypekitRepository::Import] Registered new 'MQueue' transport for /base/Matrix3d
0.082 [ Info   ][TypekitRepository::Import] Registered new 'MQueue' transport for /base/Matrix4d
0.082 [ Info   ][TypekitRepository::Import] Registered new 'MQueue' transport for /base/Matrix6d
0.082 [ Info   ][TypekitRepository::Import] Registered new 'MQueue' transport for /base/MatrixXd
0.082 [ Info   ][TypekitRepository::Import] Registered new 'MQueue' transport for /base/Pose
0.082 [ Info   ][TypekitRepository::Import] Registered new 'MQueue' transport for /base/Pressure
0.082 [ Info   ][TypekitRepository::Import] Registered new 'MQueue' transport for /base/Quaterniond
0.082 [ Info   ][TypekitRepository::Import] Registered new 'MQueue' transport for /base/Temperature
0.082 [ Info   ][TypekitRepository::Import] Registered new 'MQueue' transport for /base/Time
0.082 [ Info   ][TypekitRepository::Import] Registered new 'MQueue' transport for /base/Trajectory
0.082 [ Info   ][TypekitRepository::Import] Registered new 'MQueue' transport for /base/TransformWithCovariance
0.082 [ Info   ][TypekitRepository::Import] Registered new 'MQueue' transport for /base/TwistWithCovariance
0.082 [ Info   ][TypekitRepository::Import] Registered new 'MQueue' transport for /base/Vector2d
0.082 [ Info   ][TypekitRepository::Import] Registered new 'MQueue' transport for /base/Vector3d
0.082 [ Info   ][TypekitRepository::Import] Registered new 'MQueue' transport for /base/Vector4d
0.082 [ Info   ][TypekitRepository::Import] Registered new 'MQueue' transport for /base/Vector6d
0.082 [ Info   ][TypekitRepository::Import] Registered new 'MQueue' transport for /base/VectorXd
0.082 [ Info   ][TypekitRepository::Import] Registered new 'MQueue' transport for /base/Waypoint
0.082 [ Info   ][TypekitRepository::Import] Registered new 'MQueue' transport for /base/Wrench
0.082 [ Info   ][TypekitRepository::Import] Registered new 'MQueue' transport for /base/commands/LinearAngular6DCommand
0.082 [ Info   ][TypekitRepository::Import] Registered new 'MQueue' transport for /base/commands/Motion2D
0.082 [ Info   ][TypekitRepository::Import] Registered new 'MQueue' transport for /base/commands/Speed6D
0.082 [ Info   ][TypekitRepository::Import] Registered new 'MQueue' transport for /base/geometry/Spline<1>
0.082 [ Info   ][TypekitRepository::Import] Registered new 'MQueue' transport for /base/geometry/Spline<3>
0.082 [ Info   ][TypekitRepository::Import] Registered new 'MQueue' transport for /base/samples/BodyState
0.082 [ Info   ][TypekitRepository::Import] Registered new 'MQueue' transport for /base/samples/DepthMap
0.082 [ Info   ][TypekitRepository::Import] Registered new 'MQueue' transport for /base/samples/DistanceImage
0.083 [ Info   ][TypekitRepository::Import] Registered new 'MQueue' transport for /base/samples/IMUSensors
0.083 [ Info   ][TypekitRepository::Import] Registered new 'MQueue' transport for /base/samples/Joints
0.083 [ Info   ][TypekitRepository::Import] Registered new 'MQueue' transport for /base/samples/LaserScan
0.083 [ Info   ][TypekitRepository::Import] Registered new 'MQueue' transport for /base/samples/Motion2D
0.083 [ Info   ][TypekitRepository::Import] Registered new 'MQueue' transport for /base/samples/Pointcloud
0.083 [ Info   ][TypekitRepository::Import] Registered new 'MQueue' transport for /base/samples/Pressure
0.083 [ Info   ][TypekitRepository::Import] Registered new 'MQueue' transport for /base/samples/RigidBodyAcceleration
0.083 [ Info   ][TypekitRepository::Import] Registered new 'MQueue' transport for /base/samples/RigidBodyState
0.083 [ Info   ][TypekitRepository::Import] Registered new 'MQueue' transport for /base/samples/Sonar
0.083 [ Info   ][TypekitRepository::Import] Registered new 'MQueue' transport for /base/samples/SonarBeam
0.083 [ Info   ][TypekitRepository::Import] Registered new 'MQueue' transport for /base/samples/SonarScan
0.083 [ Info   ][TypekitRepository::Import] Registered new 'MQueue' transport for /base/samples/Wrench
0.083 [ Info   ][TypekitRepository::Import] Registered new 'MQueue' transport for /base/samples/Wrenches
0.083 [ Info   ][TypekitRepository::Import] Registered new 'MQueue' transport for /base/samples/frame/Frame
0.083 [ Info   ][TypekitRepository::Import] Registered new 'MQueue' transport for /base/samples/frame/FramePair
0.083 [ Info   ][TypekitRepository::Import] Registered new 'MQueue' transport for /base/samples/frame/frame_mode_t
0.083 [ Info   ][TypekitRepository::Import] Registered new 'MQueue' transport for /std/string
0.083 [ Info   ][TypekitRepository::Import] Registered new 'MQueue' transport for /std/vector</base/Trajectory>
0.083 [ Info   ][TypekitRepository::Import] Registered new 'MQueue' transport for /std/vector</base/Vector3d>
0.083 [ Info   ][TypekitRepository::Import] Registered new 'MQueue' transport for /std/vector</base/Waypoint>
0.083 [ Info   ][TypekitRepository::Import] Registered new 'MQueue' transport for /std/vector</std/string>
0.083 [ Info   ][TypekitRepository::Import] Registered new 'MQueue' transport for /std/vector</uint32_t>
0.083 [ Info   ][Logger] Loaded RTT TypeKit/Transport '/orogen/base/MQueue' from 'base-transport-mqueue'
0.083 [ Info   ][TypekitRepository::Import] Loading Transport Typelib:///orogen/base.
0.102 [ Info   ][TypekitRepository::Import] Registered new 'Typelib' transport for /RTT/extras/ReadOnlyPointer</base/samples/frame/Frame>
0.102 [ Info   ][TypekitRepository::Import] Registered new 'Typelib' transport for /RTT/extras/ReadOnlyPointer</base/samples/frame/FramePair>
0.102 [ Info   ][TypekitRepository::Import] Registered new 'Typelib' transport for /base/Affine3d
0.102 [ Info   ][TypekitRepository::Import] Registered new 'Typelib' transport for /base/Angle
0.102 [ Info   ][TypekitRepository::Import] Registered new 'Typelib' transport for /base/AngleAxisd
0.102 [ Info   ][TypekitRepository::Import] Registered new 'Typelib' transport for /base/JointLimits
0.102 [ Info   ][TypekitRepository::Import] Registered new 'Typelib' transport for /base/JointState
0.102 [ Info   ][TypekitRepository::Import] Registered new 'Typelib' transport for /base/JointTransform
0.102 [ Info   ][TypekitRepository::Import] Registered new 'Typelib' transport for /base/JointTransformVector
0.102 [ Info   ][TypekitRepository::Import] Registered new 'Typelib' transport for /base/JointsTrajectory
0.102 [ Info   ][TypekitRepository::Import] Registered new 'Typelib' transport for /base/Matrix3d
0.102 [ Info   ][TypekitRepository::Import] Registered new 'Typelib' transport for /base/Matrix4d
0.102 [ Info   ][TypekitRepository::Import] Registered new 'Typelib' transport for /base/Matrix6d
0.102 [ Info   ][TypekitRepository::Import] Registered new 'Typelib' transport for /base/MatrixXd
0.102 [ Info   ][TypekitRepository::Import] Registered new 'Typelib' transport for /base/Pose
0.102 [ Info   ][TypekitRepository::Import] Registered new 'Typelib' transport for /base/Pressure
0.103 [ Info   ][TypekitRepository::Import] Registered new 'Typelib' transport for /base/Quaterniond
0.103 [ Info   ][TypekitRepository::Import] Registered new 'Typelib' transport for /base/Temperature
0.103 [ Info   ][TypekitRepository::Import] Registered new 'Typelib' transport for /base/Time
0.103 [ Info   ][TypekitRepository::Import] Registered new 'Typelib' transport for /base/Trajectory
0.103 [ Info   ][TypekitRepository::Import] Registered new 'Typelib' transport for /base/TransformWithCovariance
0.103 [ Info   ][TypekitRepository::Import] Registered new 'Typelib' transport for /base/TwistWithCovariance
0.103 [ Info   ][TypekitRepository::Import] Registered new 'Typelib' transport for /base/Vector2d
0.103 [ Info   ][TypekitRepository::Import] Registered new 'Typelib' transport for /base/Vector3d
0.103 [ Info   ][TypekitRepository::Import] Registered new 'Typelib' transport for /base/Vector4d
0.103 [ Info   ][TypekitRepository::Import] Registered new 'Typelib' transport for /base/Vector6d
0.103 [ Info   ][TypekitRepository::Import] Registered new 'Typelib' transport for /base/VectorXd
0.103 [ Info   ][TypekitRepository::Import] Registered new 'Typelib' transport for /base/Waypoint
0.103 [ Info   ][TypekitRepository::Import] Registered new 'Typelib' transport for /base/Wrench
0.103 [ Info   ][TypekitRepository::Import] Registered new 'Typelib' transport for /base/commands/LinearAngular6DCommand
0.103 [ Info   ][TypekitRepository::Import] Registered new 'Typelib' transport for /base/commands/Motion2D
0.103 [ Info   ][TypekitRepository::Import] Registered new 'Typelib' transport for /base/commands/Speed6D
0.103 [ Info   ][TypekitRepository::Import] Registered new 'Typelib' transport for /base/geometry/Spline<1>
0.103 [ Info   ][TypekitRepository::Import] Registered new 'Typelib' transport for /base/geometry/Spline<3>
0.103 [ Info   ][TypekitRepository::Import] Registered new 'Typelib' transport for /base/samples/BodyState
0.103 [ Info   ][TypekitRepository::Import] Registered new 'Typelib' transport for /base/samples/DepthMap
0.103 [ Info   ][TypekitRepository::Import] Registered new 'Typelib' transport for /base/samples/DistanceImage
0.103 [ Info   ][TypekitRepository::Import] Registered new 'Typelib' transport for /base/samples/IMUSensors
0.103 [ Info   ][TypekitRepository::Import] Registered new 'Typelib' transport for /base/samples/Joints
0.103 [ Info   ][TypekitRepository::Import] Registered new 'Typelib' transport for /base/samples/LaserScan
0.103 [ Info   ][TypekitRepository::Import] Registered new 'Typelib' transport for /base/samples/Motion2D
0.103 [ Info   ][TypekitRepository::Import] Registered new 'Typelib' transport for /base/samples/Pointcloud
0.103 [ Info   ][TypekitRepository::Import] Registered new 'Typelib' transport for /base/samples/Pressure
0.103 [ Info   ][TypekitRepository::Import] Registered new 'Typelib' transport for /base/samples/RigidBodyAcceleration
0.103 [ Info   ][TypekitRepository::Import] Registered new 'Typelib' transport for /base/samples/RigidBodyState
0.103 [ Info   ][TypekitRepository::Import] Registered new 'Typelib' transport for /base/samples/Sonar
0.103 [ Info   ][TypekitRepository::Import] Registered new 'Typelib' transport for /base/samples/SonarBeam
0.103 [ Info   ][TypekitRepository::Import] Registered new 'Typelib' transport for /base/samples/SonarScan
0.103 [ Info   ][TypekitRepository::Import] Registered new 'Typelib' transport for /base/samples/Wrench
0.103 [ Info   ][TypekitRepository::Import] Registered new 'Typelib' transport for /base/samples/Wrenches
0.103 [ Info   ][TypekitRepository::Import] Registered new 'Typelib' transport for /base/samples/frame/Frame
0.103 [ Info   ][TypekitRepository::Import] Registered new 'Typelib' transport for /base/samples/frame/FramePair
0.103 [ Info   ][TypekitRepository::Import] Registered new 'Typelib' transport for /base/samples/frame/frame_mode_t
0.103 [ Info   ][TypekitRepository::Import] Registered new 'Typelib' transport for /std/string
0.103 [ Info   ][TypekitRepository::Import] Registered new 'Typelib' transport for /std/vector</base/Trajectory>
0.103 [ Info   ][TypekitRepository::Import] Registered new 'Typelib' transport for /std/vector</base/Vector3d>
0.103 [ Info   ][TypekitRepository::Import] Registered new 'Typelib' transport for /std/vector</base/Waypoint>
0.103 [ Info   ][TypekitRepository::Import] Registered new 'Typelib' transport for /std/vector</std/string>
0.103 [ Info   ][TypekitRepository::Import] Registered new 'Typelib' transport for /std/vector</uint32_t>
0.103 [ Info   ][Logger] Loaded RTT TypeKit/Transport '/orogen/base/TYPELIB' from 'base-transport-typelib'
0.104 [ Info   ][TypekitRepository::Import] Loading Typekit std.
0.104 [ Info   ][TypekitRepository::Import] Registered new 'MQueue' transport for /std/string
0.105 [ Info   ][Logger] Loaded RTT TypeKit/Transport 'std' from 'std-typekit'
0.105 [ Info   ][TypekitRepository::Import] Loading Transport CORBA:///orogen/std.
0.105 [ Info   ][TypekitRepository::Import] Registered new 'CORBA' transport for /bool
0.105 [ Info   ][TypekitRepository::Import] Registered new 'CORBA' transport for /double
0.105 [ Info   ][TypekitRepository::Import] Registered new 'CORBA' transport for /float
0.105 [ Info   ][TypekitRepository::Import] Registered new 'CORBA' transport for /int16_t
0.105 [ Info   ][TypekitRepository::Import] Registered new 'CORBA' transport for /int32_t
0.105 [ Info   ][TypekitRepository::Import] Registered new 'CORBA' transport for /int64_t
0.105 [ Info   ][TypekitRepository::Import] Registered new 'CORBA' transport for /int8_t
0.105 [ Info   ][TypekitRepository::Import] Registered new 'CORBA' transport for /metadata/TaskContext
0.105 [ Info   ][TypekitRepository::Import] Registered new 'CORBA' transport for /std/vector</double>
0.105 [ Info   ][TypekitRepository::Import] Registered new 'CORBA' transport for /uint16_t
0.105 [ Info   ][TypekitRepository::Import] Registered new 'CORBA' transport for /uint32_t
0.105 [ Info   ][TypekitRepository::Import] Registered new 'CORBA' transport for /uint64_t
0.105 [ Info   ][TypekitRepository::Import] Registered new 'CORBA' transport for /uint8_t
0.105 [ Info   ][Logger] Loaded RTT TypeKit/Transport '/orogen/std/CORBA' from 'std-transport-corba'
0.108 [ Info   ][TypekitRepository::Import] Loading Transport MQueue:///orogen/std.
0.109 [ Info   ][TypekitRepository::Import] Registered new 'MQueue' transport for /bool
0.109 [ Info   ][TypekitRepository::Import] Registered new 'MQueue' transport for /double
0.109 [ Info   ][TypekitRepository::Import] Registered new 'MQueue' transport for /float
0.109 [ Info   ][TypekitRepository::Import] Registered new 'MQueue' transport for /int16_t
0.109 [ Info   ][TypekitRepository::Import] Registered new 'MQueue' transport for /int32_t
0.109 [ Info   ][TypekitRepository::Import] Registered new 'MQueue' transport for /int64_t
0.109 [ Info   ][TypekitRepository::Import] Registered new 'MQueue' transport for /int8_t
0.109 [ Info   ][TypekitRepository::Import] Registered new 'MQueue' transport for /metadata/TaskContext
0.109 [ Info   ][TypekitRepository::Import] Registered new 'MQueue' transport for /std/string
0.109 [ Info   ][TypekitRepository::Import] Registered new 'MQueue' transport for /std/vector</double>
0.109 [ Info   ][TypekitRepository::Import] Registered new 'MQueue' transport for /uint16_t
0.109 [ Info   ][TypekitRepository::Import] Registered new 'MQueue' transport for /uint32_t
0.109 [ Info   ][TypekitRepository::Import] Registered new 'MQueue' transport for /uint64_t
0.109 [ Info   ][TypekitRepository::Import] Registered new 'MQueue' transport for /uint8_t
0.109 [ Info   ][Logger] Loaded RTT TypeKit/Transport '/orogen/std/MQueue' from 'std-transport-mqueue'
0.109 [ Info   ][TypekitRepository::Import] Loading Transport Typelib:///orogen/std.
0.111 [ Info   ][TypekitRepository::Import] Registered new 'Typelib' transport for /bool
0.111 [ Info   ][TypekitRepository::Import] Registered new 'Typelib' transport for /double
0.111 [ Info   ][TypekitRepository::Import] Registered new 'Typelib' transport for /float
0.111 [ Info   ][TypekitRepository::Import] Registered new 'Typelib' transport for /int16_t
0.111 [ Info   ][TypekitRepository::Import] Registered new 'Typelib' transport for /int32_t
0.111 [ Info   ][TypekitRepository::Import] Registered new 'Typelib' transport for /int64_t
0.111 [ Info   ][TypekitRepository::Import] Registered new 'Typelib' transport for /int8_t
0.111 [ Info   ][TypekitRepository::Import] Registered new 'Typelib' transport for /metadata/TaskContext
0.111 [ Info   ][TypekitRepository::Import] Registered new 'Typelib' transport for /std/vector</double>
0.111 [ Info   ][TypekitRepository::Import] Registered new 'Typelib' transport for /uint16_t
0.111 [ Info   ][TypekitRepository::Import] Registered new 'Typelib' transport for /uint32_t
0.111 [ Info   ][TypekitRepository::Import] Registered new 'Typelib' transport for /uint64_t
0.111 [ Info   ][TypekitRepository::Import] Registered new 'Typelib' transport for /uint8_t
0.111 [ Info   ][Logger] Loaded RTT TypeKit/Transport '/orogen/std/TYPELIB' from 'std-transport-typelib'
0.112 [ Info   ][Thread] Creating Thread for scheduler=ORO_SCHED_OTHER, priority=1, CPU affinity=0, with name='trajectory_follower'
0.112 [ Info   ][trajectory_follower] Thread created with scheduler type 'ORO_SCHED_OTHER', priority 0, cpu affinity 15 and period 0 (PID= 11815 ).
0.112 [ Info   ][Logger] Creating new TaskContextServer for trajectory_follower
0.113 [ Info   ][TaskContextServer()] CTaskContext 'trajectory_follower' found CORBA Naming Service.
0.113 [ Info   ][TaskContextServer()] Successfully added CTaskContext 'trajectory_follower' to CORBA Naming Service.
0.113 [ Info   ][Thread] Creating Thread for scheduler=ORO_SCHED_OTHER, priority=1, CPU affinity=0, with name='trajectory_follower.CorbaDispatch'
0.113 [ Info   ][trajectory_follower.CorbaDispatch] Thread created with scheduler type 'ORO_SCHED_OTHER', priority 0, cpu affinity 15 and period 0 (PID= 11818 ).
0.113 [ Info   ][Logger] Started trajectory_follower.CorbaDispatch.
